<?xml version="1.0" encoding="UTF-8"?>
<!-- Generated by org.testng.reporters.JUnitReportReporter -->
<testsuite skipped="0" hostname="AkashGupta-DEV" name="Phase1" tests="1" failures="0" timestamp="2020-09-22T01:18:18 IST" time="16.788" errors="0">
  <testcase name="openNDTVWebPage" time="16.788" classname="Phase1"/>
  <system-out/>
</testsuite> <!-- Phase1 -->
